#
# A fatal error has been detected by the Java Runtime Environment:
#
#  EXCEPTION_ACCESS_VIOLATION (0xc0000005) at pc=0x00007ffa02d48fb5, pid=7112, tid=6232
#
# JRE version: Java(TM) SE Runtime Environment (8.0_60-b27) (build 1.8.0_60-b27)
# Java VM: Java HotSpot(TM) 64-Bit Server VM (25.60-b23 mixed mode windows-amd64 compressed oops)
# Problematic frame:
# C  [Leap.dll+0x48fb5]
#
# Failed to write core dump. Minidumps are not enabled by default on client versions of Windows
#
# If you would like to submit a bug report, please visit:
#   http://bugreport.java.com/bugreport/crash.jsp
# The crash happened outside the Java Virtual Machine in native code.
# See problematic frame for where to report the bug.
#

---------------  T H R E A D  ---------------

Current thread (0x000000000220a000):  JavaThread "Finalizer" daemon [_thread_in_native, id=6232, stack(0x0000000017dc0000,0x0000000017ec0000)]

siginfo: ExceptionCode=0xc0000005, reading address 0x0000000000000020

Registers:
RAX=0x0000000000000000, RBX=0x0000000000551970, RCX=0x0000000000511960, RDX=0x000000000050ca80
RSP=0x0000000017ebf320, RBP=0x0000000017ebf4b0, RSI=0x000000000053cd10, RDI=0x00000000000005c8
R8 =0x0000000000000001, R9 =0x00000000004db738, R10=0x0000000000551501, R11=0x0000000000000000
R12=0x000000000053cd00, R13=0x0000000000000000, R14=0x000000000050ca80, R15=0x000000000053c9a0
RIP=0x00007ffa02d48fb5, EFLAGS=0x0000000000010206

Top of Stack: (sp=0x0000000017ebf320)
0x0000000017ebf320:   0000000000000001 0000000000000001
0x0000000017ebf330:   0000000000000001 000000000053cd10
0x0000000017ebf340:   fffffffffffffffe 0000000000551940
0x0000000017ebf350:   0000000000000001 000000000053cd00
0x0000000017ebf360:   ffffffffffffff01 000000000000001c
0x0000000017ebf370:   00001bc800001804 0000000000000008
0x0000000017ebf380:   0000000000000000 000000000220a000
0x0000000017ebf390:   000000000220a000 0000000017ebf4d8
0x0000000017ebf3a0:   0000000015c05428 0000000000000000
0x0000000017ebf3b0:   00000000004db730 0000000000000001
0x0000000017ebf3c0:   000000000050ca80 00007ffa02d1790a
0x0000000017ebf3d0:   000000000053c9a0 000000000050ca80
0x0000000017ebf3e0:   0000000000551970 000000000053cd10
0x0000000017ebf3f0:   fffffffffffffffe 000000000220a000
0x0000000017ebf400:   0000000100006598 00007ffa02d1fe36
0x0000000017ebf410:   000000000050ca80 000000000050ca80 

Instructions: (pc=0x00007ffa02d48fb5)
0x00007ffa02d48f95:   24 c0 00 00 00 66 0f 1f 44 00 00 48 3b 5c 24 28
0x00007ffa02d48fa5:   0f 84 90 00 00 00 48 8b 4b 20 48 8b 01 49 8b d6
0x00007ffa02d48fb5:   ff 50 20 90 eb 28 45 33 ed 4c 8b bc 24 b0 00 00
0x00007ffa02d48fc5:   00 4c 8b b4 24 b8 00 00 00 4c 8b 64 24 38 48 8b 


Register to memory mapping:

RAX=0x0000000000000000 is an unknown value
RBX=0x0000000000551970 is an unknown value
RCX=0x0000000000511960 is an unknown value
RDX=0x000000000050ca80 is an unknown value
RSP=0x0000000017ebf320 is pointing into the stack for thread: 0x000000000220a000
RBP=0x0000000017ebf4b0 is pointing into the stack for thread: 0x000000000220a000
RSI=0x000000000053cd10 is an unknown value
RDI=0x00000000000005c8 is an unknown value
R8 =0x0000000000000001 is an unknown value
R9 =0x00000000004db738 is an unknown value
R10=0x0000000000551501 is an unknown value
R11=0x0000000000000000 is an unknown value
R12=0x000000000053cd00 is an unknown value
R13=0x0000000000000000 is an unknown value
R14=0x000000000050ca80 is an unknown value
R15=0x000000000053c9a0 is an unknown value


Stack: [0x0000000017dc0000,0x0000000017ec0000],  sp=0x0000000017ebf320,  free space=1020k
Native frames: (J=compiled Java code, j=interpreted, Vv=VM code, C=native code)
C  [Leap.dll+0x48fb5]
C  [Leap.dll+0x1790a]
C  [Leap.dll+0x1fe36]
C  0x0000000002225e34

Java frames: (J=compiled Java code, j=interpreted, Vv=VM code)
j  com.leapmotion.leap.LeapJNI.delete_Controller(J)V+0
j  com.leapmotion.leap.Controller.delete()V+25
j  com.leapmotion.leap.Controller.finalize()V+1
j  java.lang.System$2.invokeFinalize(Ljava/lang/Object;)V+1
j  java.lang.ref.Finalizer.runFinalizer(Lsun/misc/JavaLangAccess;)V+46
j  java.lang.ref.Finalizer.access$100(Ljava/lang/ref/Finalizer;Lsun/misc/JavaLangAccess;)V+2
j  java.lang.ref.Finalizer$FinalizerThread.run()V+45
v  ~StubRoutines::call_stub

---------------  P R O C E S S  ---------------

Java Threads: ( => current thread )
  0x0000000002110800 JavaThread "DestroyJavaVM" [_thread_blocked, id=6148, stack(0x0000000001f20000,0x0000000002020000)]
  0x0000000018cbb000 JavaThread "AWT-EventQueue-0" [_thread_blocked, id=6932, stack(0x000000001b090000,0x000000001b190000)]
  0x0000000018c3e000 JavaThread "AWT-Windows" daemon [_thread_in_native, id=7260, stack(0x0000000019620000,0x0000000019720000)]
  0x0000000018c3c000 JavaThread "AWT-Shutdown" [_thread_blocked, id=528, stack(0x0000000019520000,0x0000000019620000)]
  0x0000000018c5f000 JavaThread "Java2D Disposer" daemon [_thread_blocked, id=8220, stack(0x00000000193a0000,0x00000000194a0000)]
  0x0000000017f79800 JavaThread "Service Thread" daemon [_thread_blocked, id=1116, stack(0x00000000188c0000,0x00000000189c0000)]
  0x0000000017efa000 JavaThread "C1 CompilerThread3" daemon [_thread_blocked, id=8564, stack(0x00000000187c0000,0x00000000188c0000)]
  0x0000000017ee6800 JavaThread "C2 CompilerThread2" daemon [_thread_blocked, id=6920, stack(0x00000000186c0000,0x00000000187c0000)]
  0x0000000017ee3000 JavaThread "C2 CompilerThread1" daemon [_thread_blocked, id=9672, stack(0x00000000185c0000,0x00000000186c0000)]
  0x0000000017ef5800 JavaThread "C2 CompilerThread0" daemon [_thread_blocked, id=10200, stack(0x00000000184c0000,0x00000000185c0000)]
  0x0000000017ef0800 JavaThread "Attach Listener" daemon [_thread_blocked, id=7252, stack(0x00000000183c0000,0x00000000184c0000)]
  0x0000000017eef800 JavaThread "Signal Dispatcher" daemon [_thread_blocked, id=7028, stack(0x00000000182c0000,0x00000000183c0000)]
=>0x000000000220a000 JavaThread "Finalizer" daemon [_thread_in_native, id=6232, stack(0x0000000017dc0000,0x0000000017ec0000)]
  0x0000000015edd000 JavaThread "Reference Handler" daemon [_thread_blocked, id=6752, stack(0x0000000017cc0000,0x0000000017dc0000)]

Other Threads:
  0x0000000015ed8800 VMThread [stack: 0x0000000017bc0000,0x0000000017cc0000] [id=3980]
  0x0000000017fad800 WatcherThread [stack: 0x00000000189c0000,0x0000000018ac0000] [id=5368]

VM state:not at safepoint (normal execution)

VM Mutex/Monitor currently owned by a thread: None

Heap:
 PSYoungGen      total 28672K, used 5137K [0x00000000e0980000, 0x00000000e2980000, 0x0000000100000000)
  eden space 24576K, 5% used [0x00000000e0980000,0x00000000e0ab34f8,0x00000000e2180000)
  from space 4096K, 95% used [0x00000000e2180000,0x00000000e25512d8,0x00000000e2580000)
  to   space 4096K, 0% used [0x00000000e2580000,0x00000000e2580000,0x00000000e2980000)
 ParOldGen       total 65536K, used 8K [0x00000000a1c00000, 0x00000000a5c00000, 0x00000000e0980000)
  object space 65536K, 0% used [0x00000000a1c00000,0x00000000a1c02000,0x00000000a5c00000)
 Metaspace       used 9700K, capacity 9904K, committed 10240K, reserved 1058816K
  class space    used 1107K, capacity 1188K, committed 1280K, reserved 1048576K

Card table byte_map: [0x00000000115d0000,0x00000000118d0000] byte_map_base: 0x00000000110c2000

Marking Bits: (ParMarkBitMap*) 0x0000000062f5a5b0
 Begin Bits: [0x00000000122d0000, 0x0000000013a60000)
 End Bits:   [0x0000000013a60000, 0x00000000151f0000)

Polling page: 0x0000000000710000

CodeCache: size=245760Kb used=1923Kb max_used=1934Kb free=243836Kb
 bounds [0x0000000002210000, 0x0000000002480000, 0x0000000011210000]
 total_blobs=842 nmethods=393 adapters=362
 compilation: enabled

Compilation events (10 events):
Event: 0.328 Thread 0x0000000017ee3000 nmethod 387 0x00000000023f0990 code [0x00000000023f0ae0, 0x00000000023f0bb8]
Event: 0.330 Thread 0x0000000017efa000  388  s    3       java.util.Vector::elementAt (48 bytes)
Event: 0.330 Thread 0x0000000017efa000 nmethod 388 0x00000000023ef650 code [0x00000000023ef860, 0x00000000023f03e8]
Event: 0.332 Thread 0x0000000017efa000  389       3       sun.util.locale.LocaleUtils::isUpper (18 bytes)
Event: 0.333 Thread 0x0000000017efa000 nmethod 389 0x00000000023eee50 code [0x00000000023eefa0, 0x00000000023ef170]
Event: 0.335 Thread 0x0000000017efa000  390       1       java.awt.AWTEvent::getID (5 bytes)
Event: 0.335 Thread 0x0000000017efa000 nmethod 390 0x00000000023eeb90 code [0x00000000023eece0, 0x00000000023eedf0]
Event: 0.336 Thread 0x0000000017ef5800 nmethod 383 0x00000000023ede90 code [0x00000000023edfe0, 0x00000000023ee948]
Event: 1.220 Thread 0x0000000017efa000  391       1       java.lang.Boolean::booleanValue (5 bytes)
Event: 1.220 Thread 0x0000000017efa000 nmethod 391 0x00000000023f3f90 code [0x00000000023f40e0, 0x00000000023f41f0]

GC Heap History (2 events):
Event: 3.521 GC heap before
{Heap before GC invocations=1 (full 0):
 PSYoungGen      total 28672K, used 24576K [0x00000000e0980000, 0x00000000e2980000, 0x0000000100000000)
  eden space 24576K, 100% used [0x00000000e0980000,0x00000000e2180000,0x00000000e2180000)
  from space 4096K, 0% used [0x00000000e2580000,0x00000000e2580000,0x00000000e2980000)
  to   space 4096K, 0% used [0x00000000e2180000,0x00000000e2180000,0x00000000e2580000)
 ParOldGen       total 65536K, used 0K [0x00000000a1c00000, 0x00000000a5c00000, 0x00000000e0980000)
  object space 65536K, 0% used [0x00000000a1c00000,0x00000000a1c00000,0x00000000a5c00000)
 Metaspace       used 9699K, capacity 9904K, committed 10240K, reserved 1058816K
  class space    used 1107K, capacity 1188K, committed 1280K, reserved 1048576K
Event: 3.526 GC heap after
Heap after GC invocations=1 (full 0):
 PSYoungGen      total 28672K, used 3908K [0x00000000e0980000, 0x00000000e2980000, 0x0000000100000000)
  eden space 24576K, 0% used [0x00000000e0980000,0x00000000e0980000,0x00000000e2180000)
  from space 4096K, 95% used [0x00000000e2180000,0x00000000e25512d8,0x00000000e2580000)
  to   space 4096K, 0% used [0x00000000e2580000,0x00000000e2580000,0x00000000e2980000)
 ParOldGen       total 65536K, used 8K [0x00000000a1c00000, 0x00000000a5c00000, 0x00000000e0980000)
  object space 65536K, 0% used [0x00000000a1c00000,0x00000000a1c02000,0x00000000a5c00000)
 Metaspace       used 9699K, capacity 9904K, committed 10240K, reserved 1058816K
  class space    used 1107K, capacity 1188K, committed 1280K, reserved 1048576K
}

Deoptimization events (0 events):
No events

Internal exceptions (10 events):
Event: 0.035 Thread 0x0000000002110800 Exception <a 'java/lang/NoSuchMethodError': Method sun.misc.Unsafe.defineClass(Ljava/lang/String;[BII)Ljava/lang/Class; name or signature does not match> (0x00000000e098cd38) thrown at [C:\re\workspace\8-2-build-windows-amd64-cygwin\jdk8u60\4407\hotspot\sr„Ú„¨äŸ°?
Event: 0.035 Thread 0x0000000002110800 Exception <a 'java/lang/NoSuchMethodError': Method sun.misc.Unsafe.prefetchRead(Ljava/lang/Object;J)V name or signature does not match> (0x00000000e098d020) thrown at [C:\re\workspace\8-2-build-windows-amd64-cygwin\jdk8u60\4407\hotspot\src\share\vm\prims\jn“o‘Aã¬?
Event: 0.145 Thread 0x0000000002110800 Exception <a 'java/security/PrivilegedActionException'> (0x00000000e0bf0be8) thrown at [C:\re\workspace\8-2-build-windows-amd64-cygwin\jdk8u60\4407\hotspot\src\share\vm\prims\jvm.cpp, line 1386]
Event: 0.145 Thread 0x0000000002110800 Exception <a 'java/security/PrivilegedActionException'> (0x00000000e0bf0df8) thrown at [C:\re\workspace\8-2-build-windows-amd64-cygwin\jdk8u60\4407\hotspot\src\share\vm\prims\jvm.cpp, line 1386]
Event: 0.146 Thread 0x0000000002110800 Exception <a 'java/security/PrivilegedActionException'> (0x00000000e0bf4c40) thrown at [C:\re\workspace\8-2-build-windows-amd64-cygwin\jdk8u60\4407\hotspot\src\share\vm\prims\jvm.cpp, line 1386]
Event: 0.146 Thread 0x0000000002110800 Exception <a 'java/security/PrivilegedActionException'> (0x00000000e0bf4e50) thrown at [C:\re\workspace\8-2-build-windows-amd64-cygwin\jdk8u60\4407\hotspot\src\share\vm\prims\jvm.cpp, line 1386]
Event: 0.151 Thread 0x0000000002110800 Exception <a 'java/io/FileNotFoundException'> (0x00000000e0bf9de0) thrown at [C:\re\workspace\8-2-build-windows-amd64-cygwin\jdk8u60\4407\hotspot\src\share\vm\prims\jni.cpp, line 709]
Event: 0.181 Thread 0x0000000002110800 Exception <a 'java/lang/NoSuchFieldError': method resolution failed> (0x00000000e0cc7260) thrown at [C:\re\workspace\8-2-build-windows-amd64-cygwin\jdk8u60\4407\hotspot\src\share\vm\prims\methodHandles.cpp, line 1146]
Event: 0.182 Thread 0x0000000002110800 Exception <a 'java/lang/NoSuchFieldError': method resolution failed> (0x00000000e0cd4630) thrown at [C:\re\workspace\8-2-build-windows-amd64-cygwin\jdk8u60\4407\hotspot\src\share\vm\prims\methodHandles.cpp, line 1146]
Event: 0.215 Thread 0x0000000002110800 Exception <a 'java/io/FileNotFoundException'> (0x00000000e0d69120) thrown at [C:\re\workspace\8-2-build-windows-amd64-cygwin\jdk8u60\4407\hotspot\src\share\vm\prims\jni.cpp, line 709]

Events (10 events):
Event: 3.220 Thread 0x0000000018cce800 Thread added: 0x0000000018cce800
Event: 3.220 Thread 0x0000000018cce800 Thread exited: 0x0000000018cce800
Event: 3.320 Thread 0x0000000018cce800 Thread added: 0x0000000018cce800
Event: 3.320 Thread 0x0000000018cce800 Thread exited: 0x0000000018cce800
Event: 3.421 Thread 0x0000000018cce800 Thread added: 0x0000000018cce800
Event: 3.421 Thread 0x0000000018cce800 Thread exited: 0x0000000018cce800
Event: 3.521 Thread 0x0000000018cce800 Thread added: 0x0000000018cce800
Event: 3.521 Executing VM operation: ParallelGCFailedAllocation
Event: 3.526 Executing VM operation: ParallelGCFailedAllocation done
Event: 3.527 Thread 0x0000000018cce800 Thread exited: 0x0000000018cce800


Dynamic libraries:
0x00007ff6d2a90000 - 0x00007ff6d2ac7000 	C:\Program Files\Java\jdk1.8.0_60\bin\javaw.exe
0x00007ffa2f3b0000 - 0x00007ffa2f571000 	C:\WINDOWS\SYSTEM32\ntdll.dll
0x00007ffa2ec30000 - 0x00007ffa2ecdd000 	C:\WINDOWS\system32\KERNEL32.DLL
0x00007ffa2c840000 - 0x00007ffa2ca1d000 	C:\WINDOWS\system32\KERNELBASE.dll
0x0000000063130000 - 0x00000000631d6000 	C:\Program Files\Bitdefender\Bitdefender 2015\Active Virus Control\Avc3_00326_011\avcuf64.dll
0x00007ffa2cc10000 - 0x00007ffa2ccb6000 	C:\WINDOWS\system32\ADVAPI32.dll
0x00007ffa2d0e0000 - 0x00007ffa2d17d000 	C:\WINDOWS\system32\msvcrt.dll
0x00007ffa2d1e0000 - 0x00007ffa2d23b000 	C:\WINDOWS\system32\sechost.dll
0x00007ffa2e8c0000 - 0x00007ffa2e9e6000 	C:\WINDOWS\system32\RPCRT4.dll
0x00007ffa2e770000 - 0x00007ffa2e8be000 	C:\WINDOWS\system32\USER32.dll
0x00007ffa2ca80000 - 0x00007ffa2cc06000 	C:\WINDOWS\system32\GDI32.dll
0x00007ffa25cb0000 - 0x00007ffa25f24000 	C:\WINDOWS\WinSxS\amd64_microsoft.windows.common-controls_6595b64144ccf1df_6.0.10240.16384_none_f41f7b285750ef43\COMCTL32.dll
0x00007ffa2ece0000 - 0x00007ffa2ed16000 	C:\WINDOWS\system32\IMM32.DLL
0x00007ffa2f250000 - 0x00007ffa2f3ac000 	C:\WINDOWS\system32\MSCTF.dll
0x0000000062fe0000 - 0x00000000630b2000 	C:\Program Files\Java\jdk1.8.0_60\jre\bin\msvcr100.dll
0x0000000062750000 - 0x0000000062fd9000 	C:\Program Files\Java\jdk1.8.0_60\jre\bin\server\jvm.dll
0x00007ffa2d0d0000 - 0x00007ffa2d0d8000 	C:\WINDOWS\system32\PSAPI.DLL
0x00007ffa2a4d0000 - 0x00007ffa2a4d9000 	C:\WINDOWS\SYSTEM32\WSOCK32.dll
0x00007ffa2ebc0000 - 0x00007ffa2ec29000 	C:\WINDOWS\system32\WS2_32.dll
0x00007ffa2cdc0000 - 0x00007ffa2cdc8000 	C:\WINDOWS\system32\NSI.dll
0x00007ffa2a170000 - 0x00007ffa2a193000 	C:\WINDOWS\SYSTEM32\WINMM.dll
0x00007ffa294b0000 - 0x00007ffa294ba000 	C:\WINDOWS\SYSTEM32\VERSION.dll
0x00007ffa2a0d0000 - 0x00007ffa2a0fc000 	C:\WINDOWS\SYSTEM32\WINMMBASE.dll
0x00007ffa2c7f0000 - 0x00007ffa2c834000 	C:\WINDOWS\system32\cfgmgr32.dll
0x00007ffa2a750000 - 0x00007ffa2a777000 	C:\WINDOWS\SYSTEM32\DEVOBJ.dll
0x0000000062740000 - 0x000000006274f000 	C:\Program Files\Java\jdk1.8.0_60\jre\bin\verify.dll
0x0000000062710000 - 0x0000000062739000 	C:\Program Files\Java\jdk1.8.0_60\jre\bin\java.dll
0x00000000626f0000 - 0x0000000062706000 	C:\Program Files\Java\jdk1.8.0_60\jre\bin\zip.dll
0x00007ffa2d240000 - 0x00007ffa2e762000 	C:\WINDOWS\system32\SHELL32.dll
0x00007ffa2bf40000 - 0x00007ffa2c568000 	C:\WINDOWS\system32\windows.storage.dll
0x00007ffa2ed80000 - 0x00007ffa2effc000 	C:\WINDOWS\system32\combase.dll
0x00007ffa2ed20000 - 0x00007ffa2ed71000 	C:\WINDOWS\system32\shlwapi.dll
0x00007ffa2be70000 - 0x00007ffa2be7f000 	C:\WINDOWS\system32\kernel.appcore.dll
0x00007ffa2be80000 - 0x00007ffa2bf33000 	C:\WINDOWS\system32\shcore.dll
0x00007ffa2bde0000 - 0x00007ffa2be2a000 	C:\WINDOWS\system32\powrprof.dll
0x00007ffa2be30000 - 0x00007ffa2be43000 	C:\WINDOWS\system32\profapi.dll
0x0000000062550000 - 0x00000000626e8000 	C:\Program Files\Java\jdk1.8.0_60\jre\bin\awt.dll
0x00007ffa2f010000 - 0x00007ffa2f0ce000 	C:\WINDOWS\system32\OLEAUT32.dll
0x00007ffa2a1a0000 - 0x00007ffa2a218000 	C:\WINDOWS\system32\apphelp.dll
0x00007ffa294c0000 - 0x00007ffa294e2000 	C:\WINDOWS\system32\DWMAPI.DLL
0x00007ffa2a600000 - 0x00007ffa2a696000 	C:\WINDOWS\system32\uxtheme.dll
0x0000000180000000 - 0x00000001800bb000 	C:\Program Files (x86)\Stardock\ObjectDock\Dock64.dll
0x00007ffa2cdd0000 - 0x00007ffa2cf11000 	C:\WINDOWS\system32\ole32.dll
0x00007ffa2bc30000 - 0x00007ffa2bc9b000 	C:\WINDOWS\SYSTEM32\bcryptPrimitives.dll
0x00007ffa182b0000 - 0x00007ffa182ee000 	C:\Users\bilas\Documents\Leap_Motion_SDK_Windows_2.3.1\LeapDeveloperKit_2.3.1+31549_win\LeapSDK\lib\x64\LeapJava.dll
0x00007ffa1d810000 - 0x00007ffa1d8b6000 	C:\WINDOWS\SYSTEM32\MSVCP120.dll
0x00007ffa1d8c0000 - 0x00007ffa1d9af000 	C:\WINDOWS\SYSTEM32\MSVCR120.dll
0x00007ffa02d00000 - 0x00007ffa02f5e000 	C:\Users\bilas\Documents\Leap_Motion_SDK_Windows_2.3.1\LeapDeveloperKit_2.3.1+31549_win\LeapSDK\lib\x64\Leap.dll
0x00007ffa2b180000 - 0x00007ffa2b1b2000 	C:\WINDOWS\SYSTEM32\ntmarta.dll
0x0000000062500000 - 0x0000000062547000 	C:\Program Files\Java\jdk1.8.0_60\jre\bin\fontmanager.dll
0x00007ffa24fb0000 - 0x00007ffa2513a000 	C:\WINDOWS\SYSTEM32\dbghelp.dll

VM Arguments:
jvm_args: -Djava.library.path=C:\Users\bilas\Documents\Leap_Motion_SDK_Windows_2.3.1\LeapDeveloperKit_2.3.1+31549_win\LeapSDK\lib\x64 -Dfile.encoding=Cp1252 
java_command: MainPackage.mainClass
java_class_path (initial): C:\Users\bilas\Documents\Workspace\leap\bin;C:\Users\bilas\Documents\Leap_Motion_SDK_Windows_2.3.1\LeapDeveloperKit_2.3.1+31549_win\LeapSDK\lib\LeapJava.jar
Launcher Type: SUN_STANDARD

Environment Variables:
JAVA_HOME=C:\Program Files\Java\jdk1.8.0_60\bin
PATH=C:\Users\bilas\Documents\Leap_Motion_SDK_Windows_2.3.1\LeapDeveloperKit_2.3.1+31549_win\LeapSDK\lib\x64;/jre1.8.0_65/lib/amd64;C:\ProgramData\Oracle\Java\javapath;C:\WINDOWS\system32;C:\WINDOWS;C:\WINDOWS\System32\Wbem;C:\WINDOWS\System32\WindowsPowerShell\v1.0\;C:\Program Files (x86)\NVIDIA Corporation\PhysX\Common;C:\Program Files\Java\jdk1.8.0_60\bin;C:\Program Files (x86)\OpenVPN\bin;C:\Users\bilas\AppData\Local\Android\sdk\platform-tools;C:\Program Files (x86)\eclipse;C:/Program Files/Java/jre1.8.0_65/bin/server;C:/Program Files/Java/jre1.8.0_65/bin;C:/Program Files/Java/jre1.8.0_65/lib/amd64;C:\ProgramData\Oracle\Java\javapath;C:\WINDOWS\system32;C:\WINDOWS;C:\WINDOWS\System32\Wbem;C:\WINDOWS\System32\WindowsPowerShell\v1.0\;C:\Program Files (x86)\NVIDIA Corporation\PhysX\Common;C:\Program Files\Java\jdk1.8.0_60\bin;C:\Program Files (x86)\OpenVPN\bin;C:\Users\bilas\AppData\Local\Android\sdk\platform-tools;C:\Program Files (x86)\eclipse;
USERNAME=bilas
OS=Windows_NT
PROCESSOR_IDENTIFIER=Intel64 Family 6 Model 58 Stepping 9, GenuineIntel



---------------  S Y S T E M  ---------------

OS: Windows 10.0 , 64 bit Build 10240 (10.0.10240.16384)

CPU:total 8 (4 cores per cpu, 2 threads per core) family 6 model 58 stepping 9, cmov, cx8, fxsr, mmx, sse, sse2, sse3, ssse3, sse4.1, sse4.2, popcnt, avx, aes, clmul, erms, ht, tsc, tscinvbit, tscinv

Memory: 4k page, physical 6170984k(2280932k free), swap 7154024k(1331492k free)

vm_info: Java HotSpot(TM) 64-Bit Server VM (25.60-b23) for windows-amd64 JRE (1.8.0_60-b27), built on Aug  4 2015 11:06:27 by "java_re" with MS VC++ 10.0 (VS2010)

time: Wed Nov 18 19:00:13 2015
elapsed time: 3 seconds (0d 0h 0m 3s)

